<?xml version="1.0" encoding="UTF-8"?>
<!-- Generated by org.testng.reporters.JUnitReportReporter -->
<testsuite skipped="0" hostname="Tyss-SR-023" name="testng.Parallel" tests="3" failures="0" timestamp="02 May 2019 05:57:38 GMT" time="96.919" errors="2">
  <testcase name="closeapp" time="0.005" classname="testng.Parallel">
    <error type="java.lang.NullPointerException">
      <![CDATA[java.lang.NullPointerException
	at testng.Parallel.closeapp(Parallel.java:41)
	at sun.reflect.NativeMethodAccessorImpl.invoke0(Native Method)
	at sun.reflect.NativeMethodAccessorImpl.invoke(Unknown Source)
	at sun.reflect.DelegatingMethodAccessorImpl.invoke(Unknown Source)
	at java.lang.reflect.Method.invoke(Unknown Source)
	at org.testng.internal.MethodInvocationHelper.invokeMethod(MethodInvocationHelper.java:108)
	at org.testng.internal.Invoker.invokeConfigurationMethod(Invoker.java:523)
	at org.testng.internal.Invoker.invokeConfigurations(Invoker.java:224)
	at org.testng.internal.Invoker.invokeMethod(Invoker.java:723)
	at org.testng.internal.Invoker.invokeTestMethod(Invoker.java:869)
	at org.testng.internal.Invoker.invokeTestMethods(Invoker.java:1193)
	at org.testng.internal.TestMethodWorker.invokeTestMethods(TestMethodWorker.java:126)
	at org.testng.internal.TestMethodWorker.run(TestMethodWorker.java:109)
	at org.testng.TestRunner.privateRun(TestRunner.java:744)
	at org.testng.TestRunner.run(TestRunner.java:602)
	at org.testng.SuiteRunner.runTest(SuiteRunner.java:380)
	at org.testng.SuiteRunner.access$000(SuiteRunner.java:39)
	at org.testng.SuiteRunner$SuiteWorker.run(SuiteRunner.java:414)
	at org.testng.internal.thread.ThreadUtil$1.call(ThreadUtil.java:52)
	at java.util.concurrent.FutureTask.run(Unknown Source)
	at java.util.concurrent.ThreadPoolExecutor.runWorker(Unknown Source)
	at java.util.concurrent.ThreadPoolExecutor$Worker.run(Unknown Source)
	at java.lang.Thread.run(Unknown Source)
]]>
    </error>
  </testcase> <!-- closeapp -->
  <testcase name="testA" time="80.970" classname="testng.Parallel">
    <error type="org.openqa.selenium.WebDriverException" message="Failed to connect to binary FirefoxBinary(C:\Program Files\Mozilla Firefox\firefox.exe) on port 7055; process output follows: 
defaults&quot;}
1556776579547	addons.xpi	DEBUG	Updating XPIState for {&quot;id&quot;:&quot;webcompat@mozilla.org&quot;,&quot;syncGUID&quot;:&quot;{681a4288-1a66-4cf5-b5f6-2fbb389e7cbe}&quot;,&quot;version&quot;:&quot;3.0.0&quot;,&quot;type&quot;:&quot;webextension&quot;,&quot;updateURL&quot;:null,&quot;optionsURL&quot;:null,&quot;optionsType&quot;:null,&quot;optionsBrowserStyle&quot;:true,&quot;aboutURL&quot;:null,&quot;defaultLocale&quot;:{&quot;name&quot;:&quot;Web Compat&quot;,&quot;description&quot;:&quot;Urgent post-release fixes for web compatibility.&quot;,&quot;creator&quot;:null,&quot;developers&quot;:null,&quot;translators&quot;:null,&quot;contributors&quot;:null},&quot;visible&quot;:true,&quot;active&quot;:true,&quot;userDisabled&quot;:false,&quot;appDisabled&quot;:false,&quot;installDate&quot;:1546971220684,&quot;updateDate&quot;:1546971220684,&quot;applyBackgroundUpdates&quot;:1,&quot;path&quot;:&quot;C:\\Program Files\\Mozilla Firefox\\browser\\features\\webcompat@mozilla.org.xpi&quot;,&quot;skinnable&quot;:false,&quot;sourceURI&quot;:null,&quot;releaseNotesURI&quot;:null,&quot;softDisabled&quot;:false,&quot;foreignInstall&quot;:false,&quot;strictCompatibility&quot;:true,&quot;locales&quot;:[],&quot;targetApplications&quot;:[{&quot;id&quot;:&quot;toolkit@mozilla.org&quot;,&quot;minVersion&quot;:&quot;59.0b5&quot;,&quot;maxVersion&quot;:null}],&quot;targetPlatforms&quot;:[],&quot;seen&quot;:true,&quot;dependencies&quot;:[],&quot;hasEmbeddedWebExtension&quot;:false,&quot;userPermissions&quot;:{&quot;permissions&quot;:[&quot;webRequest&quot;,&quot;webRequestBlocking&quot;],&quot;origins&quot;:[&quot;&lt;all_urls&gt;&quot;]},&quot;icons&quot;:{},&quot;iconURL&quot;:null,&quot;icon64URL&quot;:null,&quot;blocklistState&quot;:0,&quot;blocklistURL&quot;:null,&quot;startupData&quot;:null,&quot;hidden&quot;:true,&quot;installTelemetryInfo&quot;:null,&quot;location&quot;:&quot;app-system-defaults&quot;}
1556776579547	addons.xpi-utils	DEBUG	Updating add-on states
1556776579550	addons.xpi	DEBUG	Calling bootstrap method startup on formautofill@mozilla.org version 1.0
1556776579552	addons.xpi	DEBUG	Calling bootstrap method startup on screenshots@mozilla.org version 35.0.0
1556776579554	addons.xpi	DEBUG	Calling bootstrap method startup on webcompat@mozilla.org version 3.0.0
1556776579556	addons.manager	DEBUG	Registering shutdown blocker for XPIProvider
1556776579557	addons.manager	DEBUG	Provider finished startup: XPIProvider
1556776579557	addons.manager	DEBUG	Starting provider: LightweightThemeManager
1556776579557	addons.manager	DEBUG	Registering shutdown blocker for LightweightThemeManager
1556776579557	addons.manager	DEBUG	Provider finished startup: LightweightThemeManager
1556776579558	addons.manager	DEBUG	Starting provider: GMPProvider
1556776579562	addons.manager	DEBUG	Registering shutdown blocker for GMPProvider
1556776579562	addons.manager	DEBUG	Provider finished startup: GMPProvider
1556776579562	addons.manager	DEBUG	Starting provider: PluginProvider
1556776579562	addons.manager	DEBUG	Registering shutdown blocker for PluginProvider
1556776579562	addons.manager	DEBUG	Provider finished startup: PluginProvider
1556776579568	addons.manager	DEBUG	Completed startup sequence
1556776584477	addons.repository	DEBUG	No addons.json found.
1556776585758	addons.manager	DEBUG	Registering upgrade listener for formautofill@mozilla.org
1556776586707	addons.xpi	DEBUG	Ignoring file: name is not a valid add-on ID: C:\Users\TYSS\AppData\Local\Temp\anonymous2714144355058502983webdriver-profile\extensions\webdriver-staging
1556776586708	addons.xpi	DEBUG	Existing add-on formautofill@mozilla.org in app-system-defaults
1556776586708	addons.xpi	DEBUG	Existing add-on screenshots@mozilla.org in app-system-defaults
1556776586709	addons.xpi	DEBUG	Existing add-on webcompat-reporter@mozilla.org in app-system-defaults
1556776586709	addons.xpi	DEBUG	Existing add-on webcompat@mozilla.org in app-system-defaults
1556776586710	addons.xpi	DEBUG	scanForChanges changed: false, state: {}
JavaScript error: resource://gre/modules/addons/XPIProvider.jsm, line 2600: TypeError: addon is null
1556776609543	addons.productaddons	INFO	sending request to: https://aus5.mozilla.org/update/3/GMP/64.0.2/20190108160530/WINNT_x86_64-msvc-x64/en-US/release/Windows_NT%2010.0.0.0.14393.2189%20(x64)/default/default/update.xml
1556776609898	addons.productaddons	INFO	Completed downloading document
1556776611594	addons.productaddons	INFO	downloadXHR File download. status=200
1556776611635	addons.productaddons	INFO	Downloaded file will be saved to C:\Users\TYSS\AppData\Local\Temp\tmpaddon-c223b2
1556776611879	addons.productaddons	WARN	Failed downloading via XHR, status: 0, reason: error

Build info: version: &#039;2.53.1&#039;, revision: &#039;a36b8b1&#039;, time: &#039;2016-06-30 17:37:03&#039;
System info: host: &#039;Tyss-SR-023&#039;, ip: &#039;10.10.11.170&#039;, os.name: &#039;Windows 10&#039;, os.arch: &#039;amd64&#039;, os.version: &#039;10.0&#039;, java.version: &#039;1.8.0_121&#039;
Driver info: driver.version: FirefoxDriver">
      <![CDATA[org.openqa.selenium.WebDriverException: Failed to connect to binary FirefoxBinary(C:\Program Files\Mozilla Firefox\firefox.exe) on port 7055; process output follows: 
defaults"}
1556776579547	addons.xpi	DEBUG	Updating XPIState for {"id":"webcompat@mozilla.org","syncGUID":"{681a4288-1a66-4cf5-b5f6-2fbb389e7cbe}","version":"3.0.0","type":"webextension","updateURL":null,"optionsURL":null,"optionsType":null,"optionsBrowserStyle":true,"aboutURL":null,"defaultLocale":{"name":"Web Compat","description":"Urgent post-release fixes for web compatibility.","creator":null,"developers":null,"translators":null,"contributors":null},"visible":true,"active":true,"userDisabled":false,"appDisabled":false,"installDate":1546971220684,"updateDate":1546971220684,"applyBackgroundUpdates":1,"path":"C:\\Program Files\\Mozilla Firefox\\browser\\features\\webcompat@mozilla.org.xpi","skinnable":false,"sourceURI":null,"releaseNotesURI":null,"softDisabled":false,"foreignInstall":false,"strictCompatibility":true,"locales":[],"targetApplications":[{"id":"toolkit@mozilla.org","minVersion":"59.0b5","maxVersion":null}],"targetPlatforms":[],"seen":true,"dependencies":[],"hasEmbeddedWebExtension":false,"userPermissions":{"permissions":["webRequest","webRequestBlocking"],"origins":["<all_urls>"]},"icons":{},"iconURL":null,"icon64URL":null,"blocklistState":0,"blocklistURL":null,"startupData":null,"hidden":true,"installTelemetryInfo":null,"location":"app-system-defaults"}
1556776579547	addons.xpi-utils	DEBUG	Updating add-on states
1556776579550	addons.xpi	DEBUG	Calling bootstrap method startup on formautofill@mozilla.org version 1.0
1556776579552	addons.xpi	DEBUG	Calling bootstrap method startup on screenshots@mozilla.org version 35.0.0
1556776579554	addons.xpi	DEBUG	Calling bootstrap method startup on webcompat@mozilla.org version 3.0.0
1556776579556	addons.manager	DEBUG	Registering shutdown blocker for XPIProvider
1556776579557	addons.manager	DEBUG	Provider finished startup: XPIProvider
1556776579557	addons.manager	DEBUG	Starting provider: LightweightThemeManager
1556776579557	addons.manager	DEBUG	Registering shutdown blocker for LightweightThemeManager
1556776579557	addons.manager	DEBUG	Provider finished startup: LightweightThemeManager
1556776579558	addons.manager	DEBUG	Starting provider: GMPProvider
1556776579562	addons.manager	DEBUG	Registering shutdown blocker for GMPProvider
1556776579562	addons.manager	DEBUG	Provider finished startup: GMPProvider
1556776579562	addons.manager	DEBUG	Starting provider: PluginProvider
1556776579562	addons.manager	DEBUG	Registering shutdown blocker for PluginProvider
1556776579562	addons.manager	DEBUG	Provider finished startup: PluginProvider
1556776579568	addons.manager	DEBUG	Completed startup sequence
1556776584477	addons.repository	DEBUG	No addons.json found.
1556776585758	addons.manager	DEBUG	Registering upgrade listener for formautofill@mozilla.org
1556776586707	addons.xpi	DEBUG	Ignoring file: name is not a valid add-on ID: C:\Users\TYSS\AppData\Local\Temp\anonymous2714144355058502983webdriver-profile\extensions\webdriver-staging
1556776586708	addons.xpi	DEBUG	Existing add-on formautofill@mozilla.org in app-system-defaults
1556776586708	addons.xpi	DEBUG	Existing add-on screenshots@mozilla.org in app-system-defaults
1556776586709	addons.xpi	DEBUG	Existing add-on webcompat-reporter@mozilla.org in app-system-defaults
1556776586709	addons.xpi	DEBUG	Existing add-on webcompat@mozilla.org in app-system-defaults
1556776586710	addons.xpi	DEBUG	scanForChanges changed: false, state: {}
JavaScript error: resource://gre/modules/addons/XPIProvider.jsm, line 2600: TypeError: addon is null
1556776609543	addons.productaddons	INFO	sending request to: https://aus5.mozilla.org/update/3/GMP/64.0.2/20190108160530/WINNT_x86_64-msvc-x64/en-US/release/Windows_NT%2010.0.0.0.14393.2189%20(x64)/default/default/update.xml
1556776609898	addons.productaddons	INFO	Completed downloading document
1556776611594	addons.productaddons	INFO	downloadXHR File download. status=200
1556776611635	addons.productaddons	INFO	Downloaded file will be saved to C:\Users\TYSS\AppData\Local\Temp\tmpaddon-c223b2
1556776611879	addons.productaddons	WARN	Failed downloading via XHR, status: 0, reason: error

Build info: version: '2.53.1', revision: 'a36b8b1', time: '2016-06-30 17:37:03'
System info: host: 'Tyss-SR-023', ip: '10.10.11.170', os.name: 'Windows 10', os.arch: 'amd64', os.version: '10.0', java.version: '1.8.0_121'
Driver info: driver.version: FirefoxDriver
	at org.openqa.selenium.firefox.internal.NewProfileExtensionConnection.start(NewProfileExtensionConnection.java:124)
	at org.openqa.selenium.firefox.FirefoxDriver.startClient(FirefoxDriver.java:271)
	at org.openqa.selenium.remote.RemoteWebDriver.<init>(RemoteWebDriver.java:119)
	at org.openqa.selenium.firefox.FirefoxDriver.<init>(FirefoxDriver.java:218)
	at org.openqa.selenium.firefox.FirefoxDriver.<init>(FirefoxDriver.java:211)
	at org.openqa.selenium.firefox.FirefoxDriver.<init>(FirefoxDriver.java:207)
	at org.openqa.selenium.firefox.FirefoxDriver.<init>(FirefoxDriver.java:120)
	at testng.Parallel.testA(Parallel.java:31)
	at sun.reflect.NativeMethodAccessorImpl.invoke0(Native Method)
	at sun.reflect.NativeMethodAccessorImpl.invoke(Unknown Source)
	at sun.reflect.DelegatingMethodAccessorImpl.invoke(Unknown Source)
	at java.lang.reflect.Method.invoke(Unknown Source)
	at org.testng.internal.MethodInvocationHelper.invokeMethod(MethodInvocationHelper.java:108)
	at org.testng.internal.Invoker.invokeMethod(Invoker.java:661)
	at org.testng.internal.Invoker.invokeTestMethod(Invoker.java:869)
	at org.testng.internal.Invoker.invokeTestMethods(Invoker.java:1193)
	at org.testng.internal.TestMethodWorker.invokeTestMethods(TestMethodWorker.java:126)
	at org.testng.internal.TestMethodWorker.run(TestMethodWorker.java:109)
	at org.testng.TestRunner.privateRun(TestRunner.java:744)
	at org.testng.TestRunner.run(TestRunner.java:602)
	at org.testng.SuiteRunner.runTest(SuiteRunner.java:380)
	at org.testng.SuiteRunner.access$000(SuiteRunner.java:39)
	at org.testng.SuiteRunner$SuiteWorker.run(SuiteRunner.java:414)
	at org.testng.internal.thread.ThreadUtil$1.call(ThreadUtil.java:52)
	at java.util.concurrent.FutureTask.run(Unknown Source)
	at java.util.concurrent.ThreadPoolExecutor.runWorker(Unknown Source)
	at java.util.concurrent.ThreadPoolExecutor$Worker.run(Unknown Source)
	at java.lang.Thread.run(Unknown Source)
Caused by: org.openqa.selenium.firefox.NotConnectedException: Unable to connect to host 127.0.0.1 on port 7055 after 45000 ms. Firefox console output:
defaults"}
1556776579547	addons.xpi	DEBUG	Updating XPIState for {"id":"webcompat@mozilla.org","syncGUID":"{681a4288-1a66-4cf5-b5f6-2fbb389e7cbe}","version":"3.0.0","type":"webextension","updateURL":null,"optionsURL":null,"optionsType":null,"optionsBrowserStyle":true,"aboutURL":null,"defaultLocale":{"name":"Web Compat","description":"Urgent post-release fixes for web compatibility.","creator":null,"developers":null,"translators":null,"contributors":null},"visible":true,"active":true,"userDisabled":false,"appDisabled":false,"installDate":1546971220684,"updateDate":1546971220684,"applyBackgroundUpdates":1,"path":"C:\\Program Files\\Mozilla Firefox\\browser\\features\\webcompat@mozilla.org.xpi","skinnable":false,"sourceURI":null,"releaseNotesURI":null,"softDisabled":false,"foreignInstall":false,"strictCompatibility":true,"locales":[],"targetApplications":[{"id":"toolkit@mozilla.org","minVersion":"59.0b5","maxVersion":null}],"targetPlatforms":[],"seen":true,"dependencies":[],"hasEmbeddedWebExtension":false,"userPermissions":{"permissions":["webRequest","webRequestBlocking"],"origins":["<all_urls>"]},"icons":{},"iconURL":null,"icon64URL":null,"blocklistState":0,"blocklistURL":null,"startupData":null,"hidden":true,"installTelemetryInfo":null,"location":"app-system-defaults"}
1556776579547	addons.xpi-utils	DEBUG	Updating add-on states
1556776579550	addons.xpi	DEBUG	Calling bootstrap method startup on formautofill@mozilla.org version 1.0
1556776579552	addons.xpi	DEBUG	Calling bootstrap method startup on screenshots@mozilla.org version 35.0.0
1556776579554	addons.xpi	DEBUG	Calling bootstrap method startup on webcompat@mozilla.org version 3.0.0
1556776579556	addons.manager	DEBUG	Registering shutdown blocker for XPIProvider
1556776579557	addons.manager	DEBUG	Provider finished startup: XPIProvider
1556776579557	addons.manager	DEBUG	Starting provider: LightweightThemeManager
1556776579557	addons.manager	DEBUG	Registering shutdown blocker for LightweightThemeManager
1556776579557	addons.manager	DEBUG	Provider finished startup: LightweightThemeManager
1556776579558	addons.manager	DEBUG	Starting provider: GMPProvider
1556776579562	addons.manager	DEBUG	Registering shutdown blocker for GMPProvider
1556776579562	addons.manager	DEBUG	Provider finished startup: GMPProvider
1556776579562	addons.manager	DEBUG	Starting provider: PluginProvider
1556776579562	addons.manager	DEBUG	Registering shutdown blocker for PluginProvider
1556776579562	addons.manager	DEBUG	Provider finished startup: PluginProvider
1556776579568	addons.manager	DEBUG	Completed startup sequence
1556776584477	addons.repository	DEBUG	No addons.json found.
1556776585758	addons.manager	DEBUG	Registering upgrade listener for formautofill@mozilla.org
1556776586707	addons.xpi	DEBUG	Ignoring file: name is not a valid add-on ID: C:\Users\TYSS\AppData\Local\Temp\anonymous2714144355058502983webdriver-profile\extensions\webdriver-staging
1556776586708	addons.xpi	DEBUG	Existing add-on formautofill@mozilla.org in app-system-defaults
1556776586708	addons.xpi	DEBUG	Existing add-on screenshots@mozilla.org in app-system-defaults
1556776586709	addons.xpi	DEBUG	Existing add-on webcompat-reporter@mozilla.org in app-system-defaults
1556776586709	addons.xpi	DEBUG	Existing add-on webcompat@mozilla.org in app-system-defaults
1556776586710	addons.xpi	DEBUG	scanForChanges changed: false, state: {}
JavaScript error: resource://gre/modules/addons/XPIProvider.jsm, line 2600: TypeError: addon is null
1556776609543	addons.productaddons	INFO	sending request to: https://aus5.mozilla.org/update/3/GMP/64.0.2/20190108160530/WINNT_x86_64-msvc-x64/en-US/release/Windows_NT%2010.0.0.0.14393.2189%20(x64)/default/default/update.xml
1556776609898	addons.productaddons	INFO	Completed downloading document
1556776611594	addons.productaddons	INFO	downloadXHR File download. status=200
1556776611635	addons.productaddons	INFO	Downloaded file will be saved to C:\Users\TYSS\AppData\Local\Temp\tmpaddon-c223b2
1556776611879	addons.productaddons	WARN	Failed downloading via XHR, status: 0, reason: error

	at org.openqa.selenium.firefox.internal.NewProfileExtensionConnection.start(NewProfileExtensionConnection.java:112)
	... 27 more
]]>
    </error>
  </testcase> <!-- testA -->
  <testcase name="testA" time="15.944" classname="testng.Parallel"/>
</testsuite> <!-- testng.Parallel -->
