<?xml version="1.0" encoding="UTF-8"?>
<!-- Generated by org.testng.reporters.JUnitReportReporter -->
<testsuite skipped="0" hostname="Tyss-SR-023" name="testng.Dataprovider" tests="2" failures="0" timestamp="02 May 2019 06:19:52 GMT" time="42.728" errors="0">
  <testcase name="login" time="21.333" classname="testng.Dataprovider"/>
  <testcase name="login" time="21.395" classname="testng.Dataprovider"/>
</testsuite> <!-- testng.Dataprovider -->
