<?xml version="1.0" encoding="UTF-8"?>
<!-- Generated by org.testng.reporters.JUnitReportReporter -->
<testsuite skipped="1" hostname="Tyss-SR-023" name="testng.Demo" tests="6" failures="0" timestamp="30 Apr 2019 06:25:19 GMT" time="0.013" errors="0">
  <testcase name="test3" time="0.008" classname="testng.Demo"/>
  <testcase name="test1" time="0.002" classname="testng.Demo"/>
  <testcase name="test1" time="0.001" classname="testng.Demo"/>
  <testcase name="test1" time="0.001" classname="testng.Demo"/>
  <testcase name="test1" time="0.001" classname="testng.Demo"/>
  <testcase name="test2" classname="testng.Demo">
    <skipped/>
  </testcase> <!-- test2 -->
</testsuite> <!-- testng.Demo -->
